2023-11-18 07:06:31,031 CRIT Supervisor is running as root.  Privileges were not dropped because no user is specified in the config file.  If you intend to run as root, you can set user=root in the config file to avoid this message.
2023-11-18 07:06:31,031 WARN No file matches via include "/etc/supervisor.d/*.conf"
2023-11-18 07:06:31,037 INFO supervisord started with pid 1
2023-11-18 07:17:44,988 WARN received SIGQUIT indicating exit request
2023-11-18 07:17:54,558 CRIT Supervisor is running as root.  Privileges were not dropped because no user is specified in the config file.  If you intend to run as root, you can set user=root in the config file to avoid this message.
2023-11-18 07:17:54,558 WARN No file matches via include "/etc/supervisor.d/*.conf"
2023-11-18 07:17:54,561 INFO supervisord started with pid 1
2023-11-18 07:28:37,425 INFO reaped unknown pid 29 (terminated by SIGINT)
2023-11-18 07:28:37,425 INFO reaped unknown pid 32 (terminated by SIGINT)
2023-11-18 07:28:37,426 INFO reaped unknown pid 33 (terminated by SIGINT)
2023-11-18 07:28:37,426 INFO reaped unknown pid 34 (terminated by SIGINT)
2023-11-18 07:28:37,427 INFO reaped unknown pid 35 (terminated by SIGINT)
2023-11-18 07:28:37,427 INFO reaped unknown pid 36 (terminated by SIGINT)
2023-11-18 07:28:37,428 INFO reaped unknown pid 37 (terminated by SIGINT)
2023-11-18 07:28:37,428 INFO reaped unknown pid 38 (terminated by SIGINT)
2023-11-18 07:28:37,428 INFO reaped unknown pid 39 (terminated by SIGINT)
2023-11-18 07:28:37,429 INFO reaped unknown pid 40 (terminated by SIGINT)
2023-11-18 07:28:37,429 INFO reaped unknown pid 41 (terminated by SIGINT)
2023-11-18 07:28:37,429 INFO reaped unknown pid 42 (terminated by SIGINT)
2023-11-18 07:28:37,430 INFO reaped unknown pid 43 (terminated by SIGINT)
2023-11-18 07:28:37,430 INFO reaped unknown pid 44 (terminated by SIGINT)
2023-11-18 07:28:37,430 INFO reaped unknown pid 45 (terminated by SIGINT)
2023-11-18 07:28:37,431 INFO reaped unknown pid 46 (terminated by SIGINT)
2023-11-18 07:28:37,431 INFO reaped unknown pid 22 (terminated by SIGINT)
2023-11-18 07:29:26,498 INFO reaped unknown pid 66 (terminated by SIGINT)
2023-11-18 07:29:26,499 INFO reaped unknown pid 67 (terminated by SIGINT)
2023-11-18 07:29:26,500 INFO reaped unknown pid 68 (terminated by SIGINT)
2023-11-18 07:29:26,500 INFO reaped unknown pid 69 (terminated by SIGINT)
2023-11-18 07:29:26,501 INFO reaped unknown pid 70 (terminated by SIGINT)
2023-11-18 07:29:26,501 INFO reaped unknown pid 71 (terminated by SIGINT)
2023-11-18 07:29:26,501 INFO reaped unknown pid 72 (terminated by SIGINT)
2023-11-18 07:29:26,501 INFO reaped unknown pid 73 (terminated by SIGINT)
2023-11-18 07:29:26,502 INFO reaped unknown pid 74 (terminated by SIGINT)
2023-11-18 07:29:26,502 INFO reaped unknown pid 75 (terminated by SIGINT)
2023-11-18 07:29:26,503 INFO reaped unknown pid 76 (terminated by SIGINT)
2023-11-18 07:29:26,503 INFO reaped unknown pid 77 (terminated by SIGINT)
2023-11-18 07:29:26,503 INFO reaped unknown pid 78 (terminated by SIGINT)
2023-11-18 07:29:26,504 INFO reaped unknown pid 79 (terminated by SIGINT)
2023-11-18 07:29:26,504 INFO reaped unknown pid 80 (terminated by SIGINT)
2023-11-18 07:29:26,505 INFO reaped unknown pid 81 (terminated by SIGINT)
2023-11-18 07:29:26,505 INFO reaped unknown pid 57 (terminated by SIGINT)
2023-11-18 07:34:47,960 INFO reaped unknown pid 107 (terminated by SIGINT)
2023-11-18 07:34:47,960 INFO reaped unknown pid 108 (terminated by SIGINT)
2023-11-18 07:34:47,961 INFO reaped unknown pid 109 (terminated by SIGINT)
2023-11-18 07:34:47,961 INFO reaped unknown pid 110 (terminated by SIGINT)
2023-11-18 07:34:47,961 INFO reaped unknown pid 111 (terminated by SIGINT)
2023-11-18 07:34:47,962 INFO reaped unknown pid 112 (terminated by SIGINT)
2023-11-18 07:34:47,962 INFO reaped unknown pid 113 (terminated by SIGINT)
2023-11-18 07:34:47,962 INFO reaped unknown pid 114 (terminated by SIGINT)
2023-11-18 07:34:47,963 INFO reaped unknown pid 115 (terminated by SIGINT)
2023-11-18 07:34:47,963 INFO reaped unknown pid 116 (terminated by SIGINT)
2023-11-18 07:34:47,963 INFO reaped unknown pid 117 (terminated by SIGINT)
2023-11-18 07:34:47,964 INFO reaped unknown pid 118 (terminated by SIGINT)
2023-11-18 07:34:47,964 INFO reaped unknown pid 119 (terminated by SIGINT)
2023-11-18 07:34:47,964 INFO reaped unknown pid 120 (terminated by SIGINT)
2023-11-18 07:34:47,965 INFO reaped unknown pid 121 (terminated by SIGINT)
2023-11-18 07:34:47,965 INFO reaped unknown pid 122 (terminated by SIGINT)
2023-11-18 07:34:47,966 INFO reaped unknown pid 98 (terminated by SIGINT)
2023-11-18 07:41:26,520 INFO reaped unknown pid 141 (terminated by SIGINT)
2023-11-18 07:41:26,521 INFO reaped unknown pid 143 (terminated by SIGINT)
2023-11-18 07:41:26,521 INFO reaped unknown pid 144 (terminated by SIGINT)
2023-11-18 07:41:26,522 INFO reaped unknown pid 145 (terminated by SIGINT)
2023-11-18 07:41:26,523 INFO reaped unknown pid 146 (terminated by SIGINT)
2023-11-18 07:41:26,523 INFO reaped unknown pid 147 (terminated by SIGINT)
2023-11-18 07:41:26,523 INFO reaped unknown pid 148 (terminated by SIGINT)
2023-11-18 07:41:26,524 INFO reaped unknown pid 149 (terminated by SIGINT)
2023-11-18 07:41:26,524 INFO reaped unknown pid 150 (terminated by SIGINT)
2023-11-18 07:41:26,524 INFO reaped unknown pid 151 (terminated by SIGINT)
2023-11-18 07:41:26,525 INFO reaped unknown pid 152 (terminated by SIGINT)
2023-11-18 07:41:26,525 INFO reaped unknown pid 153 (terminated by SIGINT)
2023-11-18 07:41:26,526 INFO reaped unknown pid 154 (terminated by SIGINT)
2023-11-18 07:41:26,526 INFO reaped unknown pid 155 (terminated by SIGINT)
2023-11-18 07:41:26,526 INFO reaped unknown pid 156 (terminated by SIGINT)
2023-11-18 07:41:26,526 INFO reaped unknown pid 157 (terminated by SIGINT)
2023-11-18 07:41:26,527 INFO reaped unknown pid 133 (terminated by SIGINT)
2023-11-18 07:41:50,563 INFO reaped unknown pid 172 (exit status 0)
2023-11-18 08:02:20,296 WARN received SIGQUIT indicating exit request
2023-11-18 08:03:20,709 CRIT Supervisor is running as root.  Privileges were not dropped because no user is specified in the config file.  If you intend to run as root, you can set user=root in the config file to avoid this message.
2023-11-18 08:03:20,709 WARN No file matches via include "/etc/supervisor.d/*.conf"
2023-11-18 08:03:20,712 INFO supervisord started with pid 1
2023-11-18 08:04:01,766 WARN received SIGQUIT indicating exit request
2023-11-18 08:04:13,003 CRIT Supervisor is running as root.  Privileges were not dropped because no user is specified in the config file.  If you intend to run as root, you can set user=root in the config file to avoid this message.
2023-11-18 08:04:13,004 WARN No file matches via include "/etc/supervisor.d/*.conf"
2023-11-18 08:04:13,006 INFO supervisord started with pid 1
2023-11-18 08:06:55,222 WARN received SIGQUIT indicating exit request
2023-11-18 08:06:56,353 CRIT Supervisor is running as root.  Privileges were not dropped because no user is specified in the config file.  If you intend to run as root, you can set user=root in the config file to avoid this message.
2023-11-18 08:06:56,353 INFO Included extra file "/etc/supervisord/supervisor.d/php-fpm.conf" during parsing
2023-11-18 08:06:56,356 INFO supervisord started with pid 1
2023-11-18 08:06:57,359 INFO spawned: 'php-fpm' with pid 9
2023-11-18 08:06:58,419 INFO success: php-fpm entered RUNNING state, process has stayed up for > than 1 seconds (startsecs)
2023-11-18 08:15:06,263 WARN received SIGQUIT indicating exit request
2023-11-18 08:15:06,264 INFO waiting for php-fpm to die
2023-11-18 08:15:06,273 INFO stopped: php-fpm (exit status 0)
2023-11-18 08:15:07,370 CRIT Supervisor is running as root.  Privileges were not dropped because no user is specified in the config file.  If you intend to run as root, you can set user=root in the config file to avoid this message.
2023-11-18 08:15:07,370 INFO Included extra file "/etc/supervisord/supervisor.d/php-fpm.conf" during parsing
2023-11-18 08:15:07,373 INFO supervisord started with pid 1
2023-11-18 08:15:08,375 INFO spawned: 'php-fpm' with pid 9
2023-11-18 08:15:09,415 INFO success: php-fpm entered RUNNING state, process has stayed up for > than 1 seconds (startsecs)
2023-11-18 08:16:32,528 WARN received SIGQUIT indicating exit request
2023-11-18 08:16:32,529 INFO waiting for php-fpm to die
2023-11-18 08:16:32,537 INFO stopped: php-fpm (exit status 0)
2023-11-18 08:16:33,548 CRIT Supervisor is running as root.  Privileges were not dropped because no user is specified in the config file.  If you intend to run as root, you can set user=root in the config file to avoid this message.
2023-11-18 08:16:33,548 INFO Included extra file "/etc/supervisord/supervisor.d/php-fpm.conf" during parsing
2023-11-18 08:16:33,550 INFO supervisord started with pid 1
2023-11-18 08:16:34,554 INFO spawned: 'php-fpm' with pid 9
2023-11-18 08:16:35,589 INFO success: php-fpm entered RUNNING state, process has stayed up for > than 1 seconds (startsecs)
2023-11-18 08:17:17,642 WARN received SIGQUIT indicating exit request
2023-11-18 08:17:17,643 INFO waiting for php-fpm to die
2023-11-18 08:17:17,652 INFO stopped: php-fpm (exit status 0)
2023-11-18 08:17:18,650 CRIT Supervisor is running as root.  Privileges were not dropped because no user is specified in the config file.  If you intend to run as root, you can set user=root in the config file to avoid this message.
2023-11-18 08:17:18,651 INFO Included extra file "/etc/supervisord/supervisor.d/php-fpm.conf" during parsing
2023-11-18 08:17:18,654 INFO supervisord started with pid 1
2023-11-18 08:17:19,656 INFO spawned: 'php-fpm' with pid 9
2023-11-18 08:17:20,687 INFO success: php-fpm entered RUNNING state, process has stayed up for > than 1 seconds (startsecs)
2023-11-18 08:17:42,713 WARN received SIGQUIT indicating exit request
2023-11-18 08:17:42,717 INFO waiting for php-fpm to die
2023-11-18 08:17:42,728 INFO stopped: php-fpm (exit status 0)
2023-11-18 08:18:20,302 CRIT Supervisor is running as root.  Privileges were not dropped because no user is specified in the config file.  If you intend to run as root, you can set user=root in the config file to avoid this message.
2023-11-18 08:18:20,303 INFO Included extra file "/etc/supervisord/supervisor.d/php-fpm.conf" during parsing
2023-11-18 08:18:20,306 INFO supervisord started with pid 1
2023-11-18 08:18:21,310 INFO spawned: 'php-fpm' with pid 9
2023-11-18 08:18:22,360 INFO success: php-fpm entered RUNNING state, process has stayed up for > than 1 seconds (startsecs)
2023-11-18 08:18:35,378 WARN received SIGQUIT indicating exit request
2023-11-18 08:18:35,378 INFO waiting for php-fpm to die
2023-11-18 08:18:35,384 INFO stopped: php-fpm (exit status 0)
2023-11-18 08:18:47,203 CRIT Supervisor is running as root.  Privileges were not dropped because no user is specified in the config file.  If you intend to run as root, you can set user=root in the config file to avoid this message.
2023-11-18 08:18:47,204 INFO Included extra file "/etc/supervisord/supervisor.d/php-fpm.conf" during parsing
2023-11-18 08:18:47,206 INFO supervisord started with pid 1
2023-11-18 08:18:48,209 INFO spawned: 'php-fpm' with pid 9
2023-11-18 08:18:49,244 INFO success: php-fpm entered RUNNING state, process has stayed up for > than 1 seconds (startsecs)
2023-11-18 08:20:18,359 WARN received SIGQUIT indicating exit request
2023-11-18 08:20:18,361 INFO waiting for php-fpm to die
2023-11-18 08:20:18,372 INFO stopped: php-fpm (exit status 0)
2023-11-18 08:20:20,309 CRIT Supervisor is running as root.  Privileges were not dropped because no user is specified in the config file.  If you intend to run as root, you can set user=root in the config file to avoid this message.
2023-11-18 08:20:20,309 INFO Included extra file "/etc/supervisord/supervisor.d/php-fpm.conf" during parsing
2023-11-18 08:20:20,311 INFO supervisord started with pid 1
2023-11-18 08:20:21,315 INFO spawned: 'php-fpm' with pid 9
2023-11-18 08:20:22,378 INFO success: php-fpm entered RUNNING state, process has stayed up for > than 1 seconds (startsecs)
2023-11-18 08:20:49,416 WARN received SIGQUIT indicating exit request
2023-11-18 08:20:49,417 INFO waiting for php-fpm to die
2023-11-18 08:20:49,427 INFO stopped: php-fpm (exit status 0)
2023-11-18 08:22:03,554 CRIT Supervisor is running as root.  Privileges were not dropped because no user is specified in the config file.  If you intend to run as root, you can set user=root in the config file to avoid this message.
2023-11-18 08:22:03,555 INFO Included extra file "/etc/supervisord/supervisor.d/php-fpm.conf" during parsing
2023-11-18 08:22:03,557 INFO supervisord started with pid 1
2023-11-18 08:22:04,559 INFO spawned: 'php-fpm' with pid 9
2023-11-18 08:22:05,608 INFO success: php-fpm entered RUNNING state, process has stayed up for > than 1 seconds (startsecs)
2023-11-18 08:25:01,853 WARN received SIGQUIT indicating exit request
2023-11-18 08:25:01,854 INFO waiting for php-fpm to die
2023-11-18 08:25:01,870 INFO stopped: php-fpm (exit status 0)
2023-11-18 08:26:25,211 CRIT Supervisor is running as root.  Privileges were not dropped because no user is specified in the config file.  If you intend to run as root, you can set user=root in the config file to avoid this message.
2023-11-18 08:26:25,211 INFO Included extra file "/etc/supervisord/supervisor.d/php-fpm.conf" during parsing
2023-11-18 08:26:25,215 INFO supervisord started with pid 1
2023-11-18 08:26:26,216 INFO spawned: 'php-fpm' with pid 9
2023-11-18 08:26:27,256 INFO success: php-fpm entered RUNNING state, process has stayed up for > than 1 seconds (startsecs)
2023-11-18 08:28:22,405 WARN received SIGQUIT indicating exit request
2023-11-18 08:28:22,406 INFO waiting for php-fpm to die
2023-11-18 08:28:22,411 INFO stopped: php-fpm (exit status 0)
2023-11-18 08:29:31,763 CRIT Supervisor is running as root.  Privileges were not dropped because no user is specified in the config file.  If you intend to run as root, you can set user=root in the config file to avoid this message.
2023-11-18 08:29:31,763 INFO Included extra file "/etc/supervisord/supervisor.d/php-fpm.conf" during parsing
2023-11-18 08:29:31,766 INFO supervisord started with pid 1
2023-11-18 08:29:32,768 INFO spawned: 'php-fpm' with pid 9
2023-11-18 08:29:33,803 INFO success: php-fpm entered RUNNING state, process has stayed up for > than 1 seconds (startsecs)
2023-11-18 08:30:15,854 WARN received SIGQUIT indicating exit request
2023-11-18 08:30:15,855 INFO waiting for php-fpm to die
2023-11-18 08:30:15,865 INFO stopped: php-fpm (exit status 0)
2023-11-18 08:30:17,243 CRIT Supervisor is running as root.  Privileges were not dropped because no user is specified in the config file.  If you intend to run as root, you can set user=root in the config file to avoid this message.
2023-11-18 08:30:17,243 INFO Included extra file "/etc/supervisord/supervisor.d/php-fpm.conf" during parsing
2023-11-18 08:30:17,246 INFO supervisord started with pid 1
2023-11-18 08:30:18,249 INFO spawned: 'php-fpm' with pid 10
2023-11-18 08:30:19,282 INFO success: php-fpm entered RUNNING state, process has stayed up for > than 1 seconds (startsecs)
2023-11-18 09:00:15,922 WARN received SIGQUIT indicating exit request
2023-11-18 09:00:15,922 INFO waiting for php-fpm to die
2023-11-18 09:00:15,932 INFO stopped: php-fpm (exit status 0)
2023-11-18 09:04:41,499 CRIT Supervisor is running as root.  Privileges were not dropped because no user is specified in the config file.  If you intend to run as root, you can set user=root in the config file to avoid this message.
2023-11-18 09:04:41,500 INFO Included extra file "/etc/supervisord/supervisor.d/php-fpm.conf" during parsing
2023-11-18 09:04:41,502 INFO supervisord started with pid 1
2023-11-18 09:04:42,504 INFO spawned: 'php-fpm' with pid 9
2023-11-18 09:04:43,547 INFO success: php-fpm entered RUNNING state, process has stayed up for > than 1 seconds (startsecs)
2023-11-18 09:07:00,725 WARN received SIGQUIT indicating exit request
2023-11-18 09:07:00,727 INFO waiting for php-fpm to die
2023-11-18 09:07:00,736 INFO stopped: php-fpm (exit status 0)
2023-11-18 09:28:49,995 CRIT Supervisor is running as root.  Privileges were not dropped because no user is specified in the config file.  If you intend to run as root, you can set user=root in the config file to avoid this message.
2023-11-18 09:28:49,995 INFO Included extra file "/etc/supervisord/supervisor.d/php-fpm.conf" during parsing
2023-11-18 09:28:49,999 INFO supervisord started with pid 1
2023-11-18 09:28:51,002 INFO spawned: 'php-fpm' with pid 7
2023-11-18 09:28:52,051 INFO success: php-fpm entered RUNNING state, process has stayed up for > than 1 seconds (startsecs)
2023-11-18 09:35:50,633 WARN received SIGQUIT indicating exit request
2023-11-18 09:35:50,634 INFO waiting for php-fpm to die
2023-11-18 09:35:50,644 INFO stopped: php-fpm (exit status 0)
2023-11-18 09:37:27,430 CRIT Supervisor is running as root.  Privileges were not dropped because no user is specified in the config file.  If you intend to run as root, you can set user=root in the config file to avoid this message.
2023-11-18 09:37:27,430 INFO Included extra file "/etc/supervisord/supervisor.d/cron.conf" during parsing
2023-11-18 09:37:27,430 INFO Included extra file "/etc/supervisord/supervisor.d/horizon.conf" during parsing
2023-11-18 09:37:27,430 INFO Included extra file "/etc/supervisord/supervisor.d/php-fpm.conf" during parsing
2023-11-18 09:37:27,433 INFO supervisord started with pid 1
2023-11-18 09:37:28,435 INFO spawnerr: can't find command 'crond'
2023-11-18 09:37:28,440 INFO spawned: 'horizon' with pid 10
2023-11-18 09:37:28,445 INFO spawned: 'php-fpm' with pid 11
2023-11-18 09:37:28,743 INFO exited: horizon (exit status 1; not expected)
2023-11-18 09:37:29,745 INFO spawnerr: can't find command 'crond'
2023-11-18 09:37:29,747 INFO spawned: 'horizon' with pid 16
2023-11-18 09:37:29,748 INFO success: php-fpm entered RUNNING state, process has stayed up for > than 1 seconds (startsecs)
2023-11-18 09:37:30,046 INFO exited: horizon (exit status 1; not expected)
2023-11-18 09:37:32,049 INFO spawnerr: can't find command 'crond'
2023-11-18 09:37:32,052 INFO spawned: 'horizon' with pid 19
2023-11-18 09:37:32,388 INFO exited: horizon (exit status 1; not expected)
2023-11-18 09:37:35,391 INFO spawnerr: can't find command 'crond'
2023-11-18 09:37:35,391 INFO gave up: cron-job entered FATAL state, too many start retries too quickly
2023-11-18 09:37:35,393 INFO spawned: 'horizon' with pid 22
2023-11-18 09:37:35,713 INFO exited: horizon (exit status 1; not expected)
2023-11-18 09:37:36,714 INFO gave up: horizon entered FATAL state, too many start retries too quickly
2023-11-18 09:47:00,732 WARN received SIGQUIT indicating exit request
2023-11-18 09:47:00,733 INFO waiting for php-fpm to die
2023-11-18 09:47:00,745 INFO stopped: php-fpm (exit status 0)
2023-11-18 09:47:02,223 CRIT Supervisor is running as root.  Privileges were not dropped because no user is specified in the config file.  If you intend to run as root, you can set user=root in the config file to avoid this message.
2023-11-18 09:47:02,223 INFO Included extra file "/etc/supervisord/supervisor.d/cron.conf" during parsing
2023-11-18 09:47:02,223 INFO Included extra file "/etc/supervisord/supervisor.d/horizon.conf" during parsing
2023-11-18 09:47:02,223 INFO Included extra file "/etc/supervisord/supervisor.d/php-fpm.conf" during parsing
2023-11-18 09:47:02,227 INFO supervisord started with pid 1
2023-11-18 09:47:03,229 INFO spawnerr: can't find command 'crond'
2023-11-18 09:47:03,233 INFO spawned: 'horizon' with pid 10
2023-11-18 09:47:03,237 INFO spawned: 'php-fpm' with pid 11
2023-11-18 09:47:03,551 INFO exited: horizon (exit status 1; not expected)
2023-11-18 09:47:04,553 INFO spawnerr: can't find command 'crond'
2023-11-18 09:47:04,557 INFO spawned: 'horizon' with pid 16
2023-11-18 09:47:04,558 INFO success: php-fpm entered RUNNING state, process has stayed up for > than 1 seconds (startsecs)
2023-11-18 09:47:04,810 INFO exited: horizon (exit status 1; not expected)
2023-11-18 09:47:06,814 INFO spawnerr: can't find command 'crond'
2023-11-18 09:47:06,816 INFO spawned: 'horizon' with pid 19
2023-11-18 09:47:07,094 INFO exited: horizon (exit status 1; not expected)
2023-11-18 09:47:10,099 INFO spawnerr: can't find command 'crond'
2023-11-18 09:47:10,099 INFO gave up: cron-job entered FATAL state, too many start retries too quickly
2023-11-18 09:47:10,102 INFO spawned: 'horizon' with pid 22
2023-11-18 09:47:10,352 INFO exited: horizon (exit status 1; not expected)
2023-11-18 09:47:11,354 INFO gave up: horizon entered FATAL state, too many start retries too quickly
2023-11-18 09:47:37,391 WARN received SIGQUIT indicating exit request
2023-11-18 09:47:37,392 INFO waiting for php-fpm to die
2023-11-18 09:47:37,399 INFO stopped: php-fpm (exit status 0)
2023-11-18 09:47:38,737 CRIT Supervisor is running as root.  Privileges were not dropped because no user is specified in the config file.  If you intend to run as root, you can set user=root in the config file to avoid this message.
2023-11-18 09:47:38,737 INFO Included extra file "/etc/supervisord/supervisor.d/cron.conf" during parsing
2023-11-18 09:47:38,737 INFO Included extra file "/etc/supervisord/supervisor.d/horizon.conf" during parsing
2023-11-18 09:47:38,737 INFO Included extra file "/etc/supervisord/supervisor.d/php-fpm.conf" during parsing
2023-11-18 09:47:38,740 INFO supervisord started with pid 1
2023-11-18 09:47:39,742 INFO spawnerr: can't find command 'crond'
2023-11-18 09:47:39,747 INFO spawned: 'horizon' with pid 10
2023-11-18 09:47:39,752 INFO spawned: 'php-fpm' with pid 11
2023-11-18 09:47:40,073 INFO exited: horizon (exit status 1; not expected)
2023-11-18 09:47:41,076 INFO spawnerr: can't find command 'crond'
2023-11-18 09:47:41,080 INFO spawned: 'horizon' with pid 16
2023-11-18 09:47:41,081 INFO success: php-fpm entered RUNNING state, process has stayed up for > than 1 seconds (startsecs)
2023-11-18 09:47:41,376 INFO exited: horizon (exit status 1; not expected)
2023-11-18 09:47:43,380 INFO spawnerr: can't find command 'crond'
2023-11-18 09:47:43,384 INFO spawned: 'horizon' with pid 19
2023-11-18 09:47:43,661 INFO exited: horizon (exit status 1; not expected)
2023-11-18 09:47:46,667 INFO spawnerr: can't find command 'crond'
2023-11-18 09:47:46,667 INFO gave up: cron-job entered FATAL state, too many start retries too quickly
2023-11-18 09:47:46,671 INFO spawned: 'horizon' with pid 22
2023-11-18 09:47:47,014 INFO exited: horizon (exit status 1; not expected)
2023-11-18 09:47:48,016 INFO gave up: horizon entered FATAL state, too many start retries too quickly
2023-11-18 09:48:07,041 WARN received SIGQUIT indicating exit request
2023-11-18 09:48:07,042 INFO waiting for php-fpm to die
2023-11-18 09:48:07,051 INFO stopped: php-fpm (exit status 0)
2023-11-18 09:48:08,343 CRIT Supervisor is running as root.  Privileges were not dropped because no user is specified in the config file.  If you intend to run as root, you can set user=root in the config file to avoid this message.
2023-11-18 09:48:08,343 INFO Included extra file "/etc/supervisord/supervisor.d/cron.conf" during parsing
2023-11-18 09:48:08,343 INFO Included extra file "/etc/supervisord/supervisor.d/horizon.conf" during parsing
2023-11-18 09:48:08,343 INFO Included extra file "/etc/supervisord/supervisor.d/php-fpm.conf" during parsing
2023-11-18 09:48:08,349 INFO supervisord started with pid 1
2023-11-18 09:48:09,351 INFO spawnerr: can't find command 'crond'
2023-11-18 09:48:09,355 INFO spawned: 'horizon' with pid 10
2023-11-18 09:48:09,360 INFO spawned: 'php-fpm' with pid 11
2023-11-18 09:48:09,644 INFO exited: horizon (exit status 1; not expected)
2023-11-18 09:48:10,646 INFO spawnerr: can't find command 'crond'
2023-11-18 09:48:10,649 INFO spawned: 'horizon' with pid 16
2023-11-18 09:48:10,649 INFO success: php-fpm entered RUNNING state, process has stayed up for > than 1 seconds (startsecs)
2023-11-18 09:48:10,942 INFO exited: horizon (exit status 1; not expected)
2023-11-18 09:48:12,946 INFO spawnerr: can't find command 'crond'
2023-11-18 09:48:12,950 INFO spawned: 'horizon' with pid 19
2023-11-18 09:48:13,249 INFO exited: horizon (exit status 1; not expected)
2023-11-18 09:48:16,255 INFO spawnerr: can't find command 'crond'
2023-11-18 09:48:16,256 INFO gave up: cron-job entered FATAL state, too many start retries too quickly
2023-11-18 09:48:16,261 INFO spawned: 'horizon' with pid 22
2023-11-18 09:48:16,587 INFO exited: horizon (exit status 1; not expected)
2023-11-18 09:48:17,589 INFO gave up: horizon entered FATAL state, too many start retries too quickly
2023-11-18 09:51:58,896 WARN received SIGQUIT indicating exit request
2023-11-18 09:51:58,897 INFO waiting for php-fpm to die
2023-11-18 09:51:58,901 INFO stopped: php-fpm (exit status 0)
2023-11-18 09:52:00,124 CRIT Supervisor is running as root.  Privileges were not dropped because no user is specified in the config file.  If you intend to run as root, you can set user=root in the config file to avoid this message.
2023-11-18 09:52:00,125 INFO Included extra file "/etc/supervisord/supervisor.d/cron.conf" during parsing
2023-11-18 09:52:00,125 INFO Included extra file "/etc/supervisord/supervisor.d/horizon.conf" during parsing
2023-11-18 09:52:00,125 INFO Included extra file "/etc/supervisord/supervisor.d/php-fpm.conf" during parsing
2023-11-18 09:52:00,128 INFO supervisord started with pid 1
2023-11-18 09:52:01,130 INFO spawnerr: can't find command 'crond'
2023-11-18 09:52:01,132 INFO spawned: 'horizon' with pid 10
2023-11-18 09:52:01,134 INFO spawned: 'php-fpm' with pid 11
2023-11-18 09:52:01,420 INFO exited: horizon (exit status 1; not expected)
2023-11-18 09:52:02,421 INFO spawnerr: can't find command 'crond'
2023-11-18 09:52:02,423 INFO spawned: 'horizon' with pid 16
2023-11-18 09:52:02,423 INFO success: php-fpm entered RUNNING state, process has stayed up for > than 1 seconds (startsecs)
2023-11-18 09:52:02,782 INFO exited: horizon (exit status 1; not expected)
2023-11-18 09:52:04,786 INFO spawnerr: can't find command 'crond'
2023-11-18 09:52:04,789 INFO spawned: 'horizon' with pid 19
2023-11-18 09:52:05,091 INFO exited: horizon (exit status 1; not expected)
2023-11-18 09:52:08,097 INFO spawnerr: can't find command 'crond'
2023-11-18 09:52:08,098 INFO gave up: cron-job entered FATAL state, too many start retries too quickly
2023-11-18 09:52:08,102 INFO spawned: 'horizon' with pid 22
2023-11-18 09:52:08,401 INFO exited: horizon (exit status 1; not expected)
2023-11-18 09:52:09,403 INFO gave up: horizon entered FATAL state, too many start retries too quickly
2023-11-18 09:57:05,819 WARN received SIGQUIT indicating exit request
2023-11-18 09:57:05,820 INFO waiting for php-fpm to die
2023-11-18 09:57:05,831 INFO stopped: php-fpm (exit status 0)
2023-11-18 09:57:07,129 CRIT Supervisor is running as root.  Privileges were not dropped because no user is specified in the config file.  If you intend to run as root, you can set user=root in the config file to avoid this message.
2023-11-18 09:57:07,129 INFO Included extra file "/etc/supervisord/supervisor.d/cron.conf" during parsing
2023-11-18 09:57:07,130 INFO Included extra file "/etc/supervisord/supervisor.d/horizon.conf" during parsing
2023-11-18 09:57:07,130 INFO Included extra file "/etc/supervisord/supervisor.d/php-fpm.conf" during parsing
2023-11-18 09:57:07,134 INFO supervisord started with pid 1
2023-11-18 09:57:08,135 INFO spawnerr: can't find command 'crond'
2023-11-18 09:57:08,137 INFO spawned: 'horizon' with pid 10
2023-11-18 09:57:08,140 INFO spawned: 'php-fpm' with pid 11
2023-11-18 09:57:08,420 INFO exited: horizon (exit status 1; not expected)
2023-11-18 09:57:09,423 INFO spawnerr: can't find command 'crond'
2023-11-18 09:57:09,427 INFO spawned: 'horizon' with pid 16
2023-11-18 09:57:09,428 INFO success: php-fpm entered RUNNING state, process has stayed up for > than 1 seconds (startsecs)
2023-11-18 09:57:09,699 INFO exited: horizon (exit status 1; not expected)
2023-11-18 09:57:11,703 INFO spawnerr: can't find command 'crond'
2023-11-18 09:57:11,706 INFO spawned: 'horizon' with pid 19
2023-11-18 09:57:11,947 INFO exited: horizon (exit status 1; not expected)
2023-11-18 09:57:14,952 INFO spawnerr: can't find command 'crond'
2023-11-18 09:57:14,952 INFO gave up: cron-job entered FATAL state, too many start retries too quickly
2023-11-18 09:57:14,955 INFO spawned: 'horizon' with pid 22
2023-11-18 09:57:15,230 INFO exited: horizon (exit status 1; not expected)
2023-11-18 09:57:16,232 INFO gave up: horizon entered FATAL state, too many start retries too quickly
2023-11-18 09:58:35,342 WARN received SIGQUIT indicating exit request
2023-11-18 09:58:35,342 INFO waiting for php-fpm to die
2023-11-18 09:58:35,348 INFO stopped: php-fpm (exit status 0)
2023-11-18 09:58:36,743 CRIT Supervisor is running as root.  Privileges were not dropped because no user is specified in the config file.  If you intend to run as root, you can set user=root in the config file to avoid this message.
2023-11-18 09:58:36,743 INFO Included extra file "/etc/supervisord/supervisor.d/cron.conf" during parsing
2023-11-18 09:58:36,744 INFO Included extra file "/etc/supervisord/supervisor.d/horizon.conf" during parsing
2023-11-18 09:58:36,744 INFO Included extra file "/etc/supervisord/supervisor.d/php-fpm.conf" during parsing
2023-11-18 09:58:36,747 INFO supervisord started with pid 1
2023-11-18 09:58:37,749 INFO spawnerr: can't find command 'crond'
2023-11-18 09:58:37,751 INFO spawned: 'horizon' with pid 10
2023-11-18 09:58:37,754 INFO spawned: 'php-fpm' with pid 11
2023-11-18 09:58:38,124 INFO exited: horizon (exit status 1; not expected)
2023-11-18 09:58:39,126 INFO spawnerr: can't find command 'crond'
2023-11-18 09:58:39,129 INFO spawned: 'horizon' with pid 16
2023-11-18 09:58:39,131 INFO success: php-fpm entered RUNNING state, process has stayed up for > than 1 seconds (startsecs)
2023-11-18 09:58:39,439 INFO exited: horizon (exit status 1; not expected)
2023-11-18 09:58:41,444 INFO spawnerr: can't find command 'crond'
2023-11-18 09:58:41,447 INFO spawned: 'horizon' with pid 19
2023-11-18 09:58:41,762 INFO exited: horizon (exit status 1; not expected)
2023-11-18 09:58:44,767 INFO spawnerr: can't find command 'crond'
2023-11-18 09:58:44,768 INFO gave up: cron-job entered FATAL state, too many start retries too quickly
2023-11-18 09:58:44,770 INFO spawned: 'horizon' with pid 22
2023-11-18 09:58:45,069 INFO exited: horizon (exit status 1; not expected)
2023-11-18 09:58:46,072 INFO gave up: horizon entered FATAL state, too many start retries too quickly
2023-11-18 09:59:46,156 WARN received SIGQUIT indicating exit request
2023-11-18 09:59:46,157 INFO waiting for php-fpm to die
2023-11-18 09:59:46,166 INFO stopped: php-fpm (exit status 0)
2023-11-18 09:59:47,561 CRIT Supervisor is running as root.  Privileges were not dropped because no user is specified in the config file.  If you intend to run as root, you can set user=root in the config file to avoid this message.
2023-11-18 09:59:47,562 INFO Included extra file "/etc/supervisord/supervisor.d/cron.conf" during parsing
2023-11-18 09:59:47,562 INFO Included extra file "/etc/supervisord/supervisor.d/horizon.conf" during parsing
2023-11-18 09:59:47,562 INFO Included extra file "/etc/supervisord/supervisor.d/php-fpm.conf" during parsing
2023-11-18 09:59:47,566 INFO supervisord started with pid 1
2023-11-18 09:59:48,568 INFO spawnerr: can't find command 'crond'
2023-11-18 09:59:48,571 INFO spawned: 'horizon' with pid 10
2023-11-18 09:59:48,574 INFO spawned: 'php-fpm' with pid 11
2023-11-18 09:59:48,870 INFO exited: horizon (exit status 1; not expected)
2023-11-18 09:59:49,873 INFO spawnerr: can't find command 'crond'
2023-11-18 09:59:49,876 INFO spawned: 'horizon' with pid 16
2023-11-18 09:59:49,878 INFO success: php-fpm entered RUNNING state, process has stayed up for > than 1 seconds (startsecs)
2023-11-18 09:59:50,202 INFO exited: horizon (exit status 1; not expected)
2023-11-18 09:59:52,206 INFO spawnerr: can't find command 'crond'
2023-11-18 09:59:52,209 INFO spawned: 'horizon' with pid 19
2023-11-18 09:59:52,509 INFO exited: horizon (exit status 1; not expected)
2023-11-18 09:59:55,514 INFO spawnerr: can't find command 'crond'
2023-11-18 09:59:55,515 INFO gave up: cron-job entered FATAL state, too many start retries too quickly
2023-11-18 09:59:55,518 INFO spawned: 'horizon' with pid 22
2023-11-18 09:59:55,783 INFO exited: horizon (exit status 1; not expected)
2023-11-18 09:59:56,785 INFO gave up: horizon entered FATAL state, too many start retries too quickly
2023-11-20 14:35:39,505 CRIT Supervisor is running as root.  Privileges were not dropped because no user is specified in the config file.  If you intend to run as root, you can set user=root in the config file to avoid this message.
2023-11-20 14:35:39,506 INFO Included extra file "/etc/supervisord/supervisor.d/cron.conf" during parsing
2023-11-20 14:35:39,506 INFO Included extra file "/etc/supervisord/supervisor.d/horizon.conf" during parsing
2023-11-20 14:35:39,507 INFO Included extra file "/etc/supervisord/supervisor.d/php-fpm.conf" during parsing
2023-11-20 14:35:39,513 INFO supervisord started with pid 1
2023-11-20 14:35:40,515 INFO spawnerr: can't find command 'crond'
2023-11-20 14:35:40,519 INFO spawned: 'horizon' with pid 10
2023-11-20 14:35:40,522 INFO spawned: 'php-fpm' with pid 11
2023-11-20 14:35:41,226 INFO exited: horizon (exit status 1; not expected)
2023-11-20 14:35:42,229 INFO spawnerr: can't find command 'crond'
2023-11-20 14:35:42,232 INFO spawned: 'horizon' with pid 16
2023-11-20 14:35:42,233 INFO success: php-fpm entered RUNNING state, process has stayed up for > than 1 seconds (startsecs)
2023-11-20 14:35:42,521 INFO exited: horizon (exit status 1; not expected)
2023-11-20 14:35:44,521 INFO spawnerr: can't find command 'crond'
2023-11-20 14:35:44,525 INFO spawned: 'horizon' with pid 19
2023-11-20 14:35:44,785 INFO exited: horizon (exit status 1; not expected)
2023-11-20 14:35:47,791 INFO spawnerr: can't find command 'crond'
2023-11-20 14:35:47,791 INFO gave up: cron-job entered FATAL state, too many start retries too quickly
2023-11-20 14:35:47,796 INFO spawned: 'horizon' with pid 22
2023-11-20 14:35:48,134 INFO exited: horizon (exit status 1; not expected)
2023-11-20 14:35:49,136 INFO gave up: horizon entered FATAL state, too many start retries too quickly
2023-11-20 14:36:10,163 WARN received SIGQUIT indicating exit request
2023-11-20 14:36:10,164 INFO waiting for php-fpm to die
2023-11-20 14:36:10,169 INFO stopped: php-fpm (exit status 0)
2023-11-20 14:39:04,931 CRIT Supervisor is running as root.  Privileges were not dropped because no user is specified in the config file.  If you intend to run as root, you can set user=root in the config file to avoid this message.
2023-11-20 14:39:04,932 INFO Included extra file "/etc/supervisord/supervisor.d/cron.conf" during parsing
2023-11-20 14:39:04,932 INFO Included extra file "/etc/supervisord/supervisor.d/horizon.conf" during parsing
2023-11-20 14:39:04,933 INFO Included extra file "/etc/supervisord/supervisor.d/php-fpm.conf" during parsing
2023-11-20 14:39:04,935 INFO supervisord started with pid 1
2023-11-20 14:39:05,937 INFO spawnerr: can't find command 'crond'
2023-11-20 14:39:05,940 INFO spawned: 'horizon' with pid 10
2023-11-20 14:39:05,943 INFO spawned: 'php-fpm' with pid 11
2023-11-20 14:39:06,271 INFO exited: horizon (exit status 1; not expected)
2023-11-20 14:39:07,272 INFO spawnerr: can't find command 'crond'
2023-11-20 14:39:07,275 INFO spawned: 'horizon' with pid 16
2023-11-20 14:39:07,276 INFO success: php-fpm entered RUNNING state, process has stayed up for > than 1 seconds (startsecs)
2023-11-20 14:39:07,702 INFO exited: horizon (exit status 1; not expected)
2023-11-20 14:39:09,706 INFO spawnerr: can't find command 'crond'
2023-11-20 14:39:09,709 INFO spawned: 'horizon' with pid 19
2023-11-20 14:39:10,120 INFO exited: horizon (exit status 1; not expected)
2023-11-20 14:39:11,123 WARN received SIGQUIT indicating exit request
2023-11-20 14:39:11,125 INFO waiting for cron-job, horizon, php-fpm to die
2023-11-20 14:39:11,132 INFO stopped: php-fpm (exit status 0)
2023-11-20 14:42:57,946 CRIT Supervisor is running as root.  Privileges were not dropped because no user is specified in the config file.  If you intend to run as root, you can set user=root in the config file to avoid this message.
2023-11-20 14:42:57,946 INFO Included extra file "/etc/supervisord/supervisor.d/cron.conf" during parsing
2023-11-20 14:42:57,946 INFO Included extra file "/etc/supervisord/supervisor.d/horizon.conf" during parsing
2023-11-20 14:42:57,946 INFO Included extra file "/etc/supervisord/supervisor.d/php-fpm.conf" during parsing
2023-11-20 14:42:57,949 INFO supervisord started with pid 1
2023-11-20 14:42:58,951 INFO spawnerr: can't find command 'crond'
2023-11-20 14:42:58,953 INFO spawned: 'horizon' with pid 10
2023-11-20 14:42:58,955 INFO spawned: 'php-fpm' with pid 11
2023-11-20 14:42:59,256 INFO exited: horizon (exit status 1; not expected)
2023-11-20 14:43:00,259 INFO spawnerr: can't find command 'crond'
2023-11-20 14:43:00,262 INFO spawned: 'horizon' with pid 16
2023-11-20 14:43:00,263 INFO success: php-fpm entered RUNNING state, process has stayed up for > than 1 seconds (startsecs)
2023-11-20 14:43:00,592 INFO exited: horizon (exit status 1; not expected)
2023-11-20 14:43:02,597 INFO spawnerr: can't find command 'crond'
2023-11-20 14:43:02,600 INFO spawned: 'horizon' with pid 19
2023-11-20 14:43:02,600 WARN received SIGQUIT indicating exit request
2023-11-20 14:43:02,601 INFO waiting for cron-job, horizon, php-fpm to die
2023-11-20 14:43:02,607 INFO stopped: php-fpm (exit status 0)
2023-11-20 14:43:02,608 INFO stopped: horizon (terminated by SIGTERM)
2023-11-20 14:44:52,943 CRIT Supervisor is running as root.  Privileges were not dropped because no user is specified in the config file.  If you intend to run as root, you can set user=root in the config file to avoid this message.
2023-11-20 14:44:52,944 INFO Included extra file "/etc/supervisord/supervisor.d/cron.conf" during parsing
2023-11-20 14:44:52,944 INFO Included extra file "/etc/supervisord/supervisor.d/horizon.conf" during parsing
2023-11-20 14:44:52,944 INFO Included extra file "/etc/supervisord/supervisor.d/php-fpm.conf" during parsing
2023-11-20 14:44:52,947 INFO supervisord started with pid 1
2023-11-20 14:44:53,949 INFO spawnerr: can't find command 'crond'
2023-11-20 14:44:53,954 INFO spawned: 'horizon' with pid 10
2023-11-20 14:44:53,958 INFO spawned: 'php-fpm' with pid 11
2023-11-20 14:44:54,255 INFO exited: horizon (exit status 1; not expected)
2023-11-20 14:44:55,258 INFO spawnerr: can't find command 'crond'
2023-11-20 14:44:55,262 INFO spawned: 'horizon' with pid 16
2023-11-20 14:44:55,263 INFO success: php-fpm entered RUNNING state, process has stayed up for > than 1 seconds (startsecs)
2023-11-20 14:44:55,599 INFO exited: horizon (exit status 1; not expected)
2023-11-20 14:44:57,603 INFO spawnerr: can't find command 'crond'
2023-11-20 14:44:57,607 INFO spawned: 'horizon' with pid 19
2023-11-20 14:44:57,941 INFO exited: horizon (exit status 1; not expected)
2023-11-20 14:45:00,947 INFO spawnerr: can't find command 'crond'
2023-11-20 14:45:00,948 INFO gave up: cron-job entered FATAL state, too many start retries too quickly
2023-11-20 14:45:00,951 INFO spawned: 'horizon' with pid 22
2023-11-20 14:45:01,296 INFO exited: horizon (exit status 1; not expected)
2023-11-20 14:45:02,298 INFO gave up: horizon entered FATAL state, too many start retries too quickly
2023-11-20 14:45:27,334 WARN received SIGQUIT indicating exit request
2023-11-20 14:45:27,335 INFO waiting for php-fpm to die
2023-11-20 14:45:27,345 INFO stopped: php-fpm (exit status 0)
2023-11-20 14:45:28,419 CRIT Supervisor is running as root.  Privileges were not dropped because no user is specified in the config file.  If you intend to run as root, you can set user=root in the config file to avoid this message.
2023-11-20 14:45:28,420 INFO Included extra file "/etc/supervisord/supervisor.d/cron.conf" during parsing
2023-11-20 14:45:28,420 INFO Included extra file "/etc/supervisord/supervisor.d/horizon.conf" during parsing
2023-11-20 14:45:28,420 INFO Included extra file "/etc/supervisord/supervisor.d/php-fpm.conf" during parsing
2023-11-20 14:45:28,424 INFO supervisord started with pid 1
2023-11-20 14:45:29,426 INFO spawnerr: can't find command 'crond'
2023-11-20 14:45:29,428 INFO spawned: 'horizon' with pid 10
2023-11-20 14:45:29,433 INFO spawned: 'php-fpm' with pid 11
2023-11-20 14:45:29,776 INFO exited: horizon (exit status 1; not expected)
2023-11-20 14:45:30,777 INFO spawnerr: can't find command 'crond'
2023-11-20 14:45:30,779 INFO spawned: 'horizon' with pid 16
2023-11-20 14:45:30,780 INFO success: php-fpm entered RUNNING state, process has stayed up for > than 1 seconds (startsecs)
2023-11-20 14:45:31,069 INFO exited: horizon (exit status 1; not expected)
2023-11-20 14:45:33,072 INFO spawnerr: can't find command 'crond'
2023-11-20 14:45:33,075 INFO spawned: 'horizon' with pid 19
2023-11-20 14:45:33,075 WARN received SIGQUIT indicating exit request
2023-11-20 14:45:33,076 INFO waiting for cron-job, horizon, php-fpm to die
2023-11-20 14:45:33,082 INFO stopped: php-fpm (exit status 0)
2023-11-20 14:45:33,083 INFO stopped: horizon (terminated by SIGTERM)
2023-11-20 14:47:04,048 CRIT Supervisor is running as root.  Privileges were not dropped because no user is specified in the config file.  If you intend to run as root, you can set user=root in the config file to avoid this message.
2023-11-20 14:47:04,048 INFO Included extra file "/etc/supervisord/supervisor.d/cron.conf" during parsing
2023-11-20 14:47:04,048 INFO Included extra file "/etc/supervisord/supervisor.d/horizon.conf" during parsing
2023-11-20 14:47:04,049 INFO Included extra file "/etc/supervisord/supervisor.d/php-fpm.conf" during parsing
2023-11-20 14:47:04,052 INFO supervisord started with pid 1
2023-11-20 14:47:05,054 INFO spawnerr: can't find command 'crond'
2023-11-20 14:47:05,060 INFO spawned: 'horizon' with pid 10
2023-11-20 14:47:05,068 INFO spawned: 'php-fpm' with pid 11
2023-11-20 14:47:05,428 INFO exited: horizon (exit status 1; not expected)
2023-11-20 14:47:06,430 INFO spawnerr: can't find command 'crond'
2023-11-20 14:47:06,433 INFO spawned: 'horizon' with pid 16
2023-11-20 14:47:06,434 INFO success: php-fpm entered RUNNING state, process has stayed up for > than 1 seconds (startsecs)
2023-11-20 14:47:06,718 INFO exited: horizon (exit status 1; not expected)
2023-11-20 14:47:07,720 WARN received SIGQUIT indicating exit request
2023-11-20 14:47:07,721 INFO waiting for cron-job, horizon, php-fpm to die
2023-11-20 14:47:07,727 INFO stopped: php-fpm (exit status 0)
2023-11-20 14:49:57,141 CRIT Supervisor is running as root.  Privileges were not dropped because no user is specified in the config file.  If you intend to run as root, you can set user=root in the config file to avoid this message.
2023-11-20 14:49:57,141 INFO Included extra file "/etc/supervisord/supervisor.d/cron.conf" during parsing
2023-11-20 14:49:57,141 INFO Included extra file "/etc/supervisord/supervisor.d/horizon.conf" during parsing
2023-11-20 14:49:57,141 INFO Included extra file "/etc/supervisord/supervisor.d/php-fpm.conf" during parsing
2023-11-20 14:49:57,145 INFO supervisord started with pid 1
2023-11-20 14:49:58,147 INFO spawnerr: can't find command 'crond'
2023-11-20 14:49:58,149 INFO spawned: 'horizon' with pid 10
2023-11-20 14:49:58,151 INFO spawned: 'php-fpm' with pid 11
2023-11-20 14:49:58,519 INFO exited: horizon (exit status 1; not expected)
2023-11-20 14:49:59,521 INFO spawnerr: can't find command 'crond'
2023-11-20 14:49:59,524 INFO spawned: 'horizon' with pid 16
2023-11-20 14:49:59,524 INFO success: php-fpm entered RUNNING state, process has stayed up for > than 1 seconds (startsecs)
2023-11-20 14:49:59,789 INFO exited: horizon (exit status 1; not expected)
2023-11-20 14:50:01,790 INFO spawnerr: can't find command 'crond'
2023-11-20 14:50:01,793 INFO spawned: 'horizon' with pid 19
2023-11-20 14:50:02,090 INFO exited: horizon (exit status 1; not expected)
2023-11-20 14:50:03,092 WARN received SIGQUIT indicating exit request
2023-11-20 14:50:03,093 INFO waiting for cron-job, horizon, php-fpm to die
2023-11-20 14:50:03,099 INFO stopped: php-fpm (exit status 0)
2023-11-20 14:53:10,146 CRIT Supervisor is running as root.  Privileges were not dropped because no user is specified in the config file.  If you intend to run as root, you can set user=root in the config file to avoid this message.
2023-11-20 14:53:10,146 INFO Included extra file "/etc/supervisord/supervisor.d/cron.conf" during parsing
2023-11-20 14:53:10,146 INFO Included extra file "/etc/supervisord/supervisor.d/horizon.conf" during parsing
2023-11-20 14:53:10,146 INFO Included extra file "/etc/supervisord/supervisor.d/php-fpm.conf" during parsing
2023-11-20 14:53:10,150 INFO supervisord started with pid 1
2023-11-20 14:53:11,152 INFO spawnerr: can't find command 'crond'
2023-11-20 14:53:11,155 INFO spawned: 'horizon' with pid 10
2023-11-20 14:53:11,157 INFO spawned: 'php-fpm' with pid 11
2023-11-20 14:53:11,495 INFO exited: horizon (exit status 1; not expected)
2023-11-20 14:53:12,497 INFO spawnerr: can't find command 'crond'
2023-11-20 14:53:12,500 INFO spawned: 'horizon' with pid 16
2023-11-20 14:53:12,501 INFO success: php-fpm entered RUNNING state, process has stayed up for > than 1 seconds (startsecs)
2023-11-20 14:53:12,801 INFO exited: horizon (exit status 1; not expected)
2023-11-20 14:53:14,805 INFO spawnerr: can't find command 'crond'
2023-11-20 14:53:14,808 INFO spawned: 'horizon' with pid 19
2023-11-20 14:53:15,149 WARN received SIGQUIT indicating exit request
2023-11-20 14:53:15,150 INFO waiting for cron-job, horizon, php-fpm to die
2023-11-20 14:53:15,156 INFO stopped: php-fpm (exit status 0)
2023-11-20 14:53:15,159 INFO stopped: horizon (terminated by SIGTERM)
2023-11-20 14:53:17,241 CRIT Supervisor is running as root.  Privileges were not dropped because no user is specified in the config file.  If you intend to run as root, you can set user=root in the config file to avoid this message.
2023-11-20 14:53:17,241 INFO Included extra file "/etc/supervisord/supervisor.d/cron.conf" during parsing
2023-11-20 14:53:17,241 INFO Included extra file "/etc/supervisord/supervisor.d/horizon.conf" during parsing
2023-11-20 14:53:17,242 INFO Included extra file "/etc/supervisord/supervisor.d/php-fpm.conf" during parsing
2023-11-20 14:53:17,247 INFO supervisord started with pid 1
2023-11-20 14:53:18,248 INFO spawnerr: can't find command 'crond'
2023-11-20 14:53:18,250 INFO spawned: 'horizon' with pid 10
2023-11-20 14:53:18,253 INFO spawned: 'php-fpm' with pid 11
2023-11-20 14:53:18,669 INFO exited: horizon (exit status 1; not expected)
2023-11-20 14:53:19,671 INFO spawnerr: can't find command 'crond'
2023-11-20 14:53:19,673 INFO spawned: 'horizon' with pid 16
2023-11-20 14:53:19,674 INFO success: php-fpm entered RUNNING state, process has stayed up for > than 1 seconds (startsecs)
2023-11-20 14:53:20,019 INFO exited: horizon (exit status 1; not expected)
2023-11-20 14:53:22,022 INFO spawnerr: can't find command 'crond'
2023-11-20 14:53:22,025 INFO spawned: 'horizon' with pid 19
2023-11-20 14:53:22,327 INFO exited: horizon (exit status 1; not expected)
2023-11-20 14:53:25,332 INFO spawnerr: can't find command 'crond'
2023-11-20 14:53:25,333 INFO gave up: cron-job entered FATAL state, too many start retries too quickly
2023-11-20 14:53:25,336 INFO spawned: 'horizon' with pid 22
2023-11-20 14:53:25,601 INFO exited: horizon (exit status 1; not expected)
2023-11-20 14:53:26,603 INFO gave up: horizon entered FATAL state, too many start retries too quickly
2023-11-20 14:58:50,048 WARN received SIGQUIT indicating exit request
2023-11-20 14:58:50,048 INFO waiting for php-fpm to die
2023-11-20 14:58:50,054 INFO stopped: php-fpm (exit status 0)
2023-11-20 14:59:10,244 CRIT Supervisor is running as root.  Privileges were not dropped because no user is specified in the config file.  If you intend to run as root, you can set user=root in the config file to avoid this message.
2023-11-20 14:59:10,245 INFO Included extra file "/etc/supervisord/supervisor.d/cron.conf" during parsing
2023-11-20 14:59:10,245 INFO Included extra file "/etc/supervisord/supervisor.d/horizon.conf" during parsing
2023-11-20 14:59:10,246 INFO Included extra file "/etc/supervisord/supervisor.d/php-fpm.conf" during parsing
2023-11-20 14:59:10,252 INFO supervisord started with pid 1
2023-11-20 14:59:11,254 INFO spawnerr: can't find command 'crond'
2023-11-20 14:59:11,257 INFO spawned: 'horizon' with pid 10
2023-11-20 14:59:11,259 INFO spawned: 'php-fpm' with pid 11
2023-11-20 14:59:11,565 INFO exited: horizon (exit status 1; not expected)
2023-11-20 14:59:12,567 INFO spawnerr: can't find command 'crond'
2023-11-20 14:59:12,570 INFO spawned: 'horizon' with pid 16
2023-11-20 14:59:12,571 INFO success: php-fpm entered RUNNING state, process has stayed up for > than 1 seconds (startsecs)
2023-11-20 14:59:12,866 INFO exited: horizon (exit status 1; not expected)
2023-11-20 14:59:14,871 INFO spawnerr: can't find command 'crond'
2023-11-20 14:59:14,874 INFO spawned: 'horizon' with pid 19
2023-11-20 14:59:15,178 INFO exited: horizon (exit status 1; not expected)
2023-11-20 14:59:18,181 INFO spawnerr: can't find command 'crond'
2023-11-20 14:59:18,182 INFO gave up: cron-job entered FATAL state, too many start retries too quickly
2023-11-20 14:59:18,185 INFO spawned: 'horizon' with pid 22
2023-11-20 14:59:18,483 INFO exited: horizon (exit status 1; not expected)
2023-11-20 14:59:19,484 INFO gave up: horizon entered FATAL state, too many start retries too quickly
2023-11-20 15:01:19,634 WARN received SIGQUIT indicating exit request
2023-11-20 15:01:19,649 INFO waiting for php-fpm to die
2023-11-20 15:01:19,737 INFO stopped: php-fpm (exit status 0)
2023-11-20 15:01:32,451 CRIT Supervisor is running as root.  Privileges were not dropped because no user is specified in the config file.  If you intend to run as root, you can set user=root in the config file to avoid this message.
2023-11-20 15:01:32,451 INFO Included extra file "/etc/supervisord/supervisor.d/cron.conf" during parsing
2023-11-20 15:01:32,451 INFO Included extra file "/etc/supervisord/supervisor.d/horizon.conf" during parsing
2023-11-20 15:01:32,452 INFO Included extra file "/etc/supervisord/supervisor.d/php-fpm.conf" during parsing
2023-11-20 15:01:32,457 INFO supervisord started with pid 1
2023-11-20 15:01:33,459 INFO spawnerr: can't find command 'crond'
2023-11-20 15:01:33,461 INFO spawned: 'horizon' with pid 10
2023-11-20 15:01:33,464 INFO spawned: 'php-fpm' with pid 11
2023-11-20 15:01:34,399 INFO exited: horizon (exit status 1; not expected)
2023-11-20 15:01:35,400 INFO spawnerr: can't find command 'crond'
2023-11-20 15:01:35,402 INFO spawned: 'horizon' with pid 16
2023-11-20 15:01:35,403 INFO success: php-fpm entered RUNNING state, process has stayed up for > than 1 seconds (startsecs)
2023-11-20 15:01:35,852 INFO exited: horizon (exit status 1; not expected)
2023-11-20 15:01:37,853 INFO spawnerr: can't find command 'crond'
2023-11-20 15:01:37,857 INFO spawned: 'horizon' with pid 19
2023-11-20 15:01:38,320 INFO exited: horizon (exit status 1; not expected)
2023-11-20 15:01:41,324 INFO spawnerr: can't find command 'crond'
2023-11-20 15:01:41,324 INFO gave up: cron-job entered FATAL state, too many start retries too quickly
2023-11-20 15:01:41,327 INFO spawned: 'horizon' with pid 22
2023-11-20 15:01:41,665 INFO exited: horizon (exit status 1; not expected)
2023-11-20 15:01:42,667 INFO gave up: horizon entered FATAL state, too many start retries too quickly
